<?xml version="1.0" encoding="UTF-8"?>
<!-- Generated by org.testng.reporters.JUnitXMLReporter -->
<testsuite ignored="0" hostname="LAPTOP-3FGMK8DC" failures="1" tests="2" name="Test" time="31.709" errors="0" timestamp="2024-05-28T18:09:42 IST">
  <testcase classname="BaseTest.ListenerExmpleTest" name="createInvoiceWithContactTest" time="0.018"/>
  <testcase classname="BaseTest.ListenerExmpleTest" name="homePageCheck" time="0.066">
    <failure type="java.lang.AssertionError" message="expected [Login] but found [Administrator - Home - vtiger CRM 5 - Commercial Open Source CRM]">
      <![CDATA[java.lang.AssertionError: expected [Login] but found [Administrator - Home - vtiger CRM 5 - Commercial Open Source CRM]
at BaseTest.ListenerExmpleTest.homePageCheck(ListenerExmpleTest.java:18)
at java.base/java.util.ArrayList.forEach(ArrayList.java:1541)
... Removed 33 stack frames]]>
    </failure>
  </testcase> <!-- homePageCheck -->
</testsuite> <!-- Test -->
