<?xml version="1.0" encoding="UTF-8"?>
<testng-results ignored="0" total="1" passed="1" failed="0" skipped="0">
  <reporter-output>
  </reporter-output>
  <suite started-at="2024-05-31T14:41:30 IST" name="Default suite" finished-at="2024-05-31T14:42:38 IST" duration-ms="68934">
    <groups>
    </groups>
    <test started-at="2024-05-31T14:41:30 IST" name="Default test" finished-at="2024-05-31T14:42:38 IST" duration-ms="68934">
      <class name="GenericContactTest.CreateContactWithOrgName">
        <test-method is-config="true" signature="dbConnection()[pri:0, instance:GenericContactTest.CreateContactWithOrgName@72bc6553]" started-at="2024-05-31T14:41:27 IST" name="dbConnection" finished-at="2024-05-31T14:41:30 IST" duration-ms="2033" status="PASS">
          <reporter-output>
          </reporter-output>
        </test-method> <!-- dbConnection -->
        <test-method is-config="true" signature="getCommonData()[pri:0, instance:GenericContactTest.CreateContactWithOrgName@72bc6553]" started-at="2024-05-31T14:41:30 IST" name="getCommonData" finished-at="2024-05-31T14:41:42 IST" duration-ms="12086" status="PASS">
          <reporter-output>
          </reporter-output>
        </test-method> <!-- getCommonData -->
        <test-method is-config="true" signature="login()[pri:0, instance:GenericContactTest.CreateContactWithOrgName@72bc6553]" started-at="2024-05-31T14:41:42 IST" name="login" finished-at="2024-05-31T14:41:51 IST" duration-ms="9554" status="PASS">
          <reporter-output>
          </reporter-output>
        </test-method> <!-- login -->
        <test-method signature="contactWithOrg()[pri:0, instance:GenericContactTest.CreateContactWithOrgName@72bc6553]" started-at="2024-05-31T14:41:51 IST" name="contactWithOrg" finished-at="2024-05-31T14:42:30 IST" duration-ms="38955" status="PASS">
          <reporter-output>
          </reporter-output>
        </test-method> <!-- contactWithOrg -->
        <test-method is-config="true" signature="logout()[pri:0, instance:GenericContactTest.CreateContactWithOrgName@72bc6553]" started-at="2024-05-31T14:42:30 IST" name="logout" finished-at="2024-05-31T14:42:37 IST" duration-ms="7022" status="PASS">
          <reporter-output>
          </reporter-output>
        </test-method> <!-- logout -->
        <test-method is-config="true" signature="closeBrowser()[pri:0, instance:GenericContactTest.CreateContactWithOrgName@72bc6553]" started-at="2024-05-31T14:42:37 IST" name="closeBrowser" finished-at="2024-05-31T14:42:38 IST" duration-ms="1209" status="PASS">
          <reporter-output>
          </reporter-output>
        </test-method> <!-- closeBrowser -->
        <test-method is-config="true" signature="closeDBconnection()[pri:0, instance:GenericContactTest.CreateContactWithOrgName@72bc6553]" started-at="2024-05-31T14:42:39 IST" name="closeDBconnection" finished-at="2024-05-31T14:42:39 IST" duration-ms="27" status="PASS">
          <reporter-output>
          </reporter-output>
        </test-method> <!-- closeDBconnection -->
      </class> <!-- GenericContactTest.CreateContactWithOrgName -->
    </test> <!-- Default test -->
  </suite> <!-- Default suite -->
</testng-results>
